<?xml version="1.0" encoding="UTF-8"?>
<!-- Generated by org.testng.reporters.JUnitReportReporter -->
<testsuite hostname="LAPTOP-F2M9NULS" failures="0" tests="1" name="com.ExcelR.SauceDemoProject1.TS_loginPage" time="0.278" errors="0" timestamp="2024-02-05T17:01:54 GMT" skipped="0">
  <testcase classname="com.ExcelR.SauceDemoProject1.TS_loginPage" name="loginWithLockedUser" time="0.278"/>
</testsuite> <!-- com.ExcelR.SauceDemoProject1.TS_loginPage -->
