<?xml version="1.0" encoding="UTF-8"?>
<!-- Generated by org.testng.reporters.JUnitReportReporter -->
<testsuite hostname="LAPTOP-F2M9NULS" failures="0" tests="1" name="com.ExcelR.SauceDemoProject1.TS_Footer" time="0.126" errors="0" timestamp="2024-02-08T00:40:56 GMT" skipped="0">
  <testcase classname="com.ExcelR.SauceDemoProject1.TS_Footer" name="footerSocialNetworksValidation" time="0.126"/>
</testsuite> <!-- com.ExcelR.SauceDemoProject1.TS_Footer -->
