<?xml version="1.0" encoding="UTF-8"?>
<!-- Generated by org.testng.reporters.JUnitReportReporter -->
<testsuite hostname="LAPTOP-F2M9NULS" failures="0" tests="1" name="com.ExcelR.SauceDemoProject1.TS_CartPage" time="0.484" errors="0" timestamp="2024-02-07T23:59:14 GMT" skipped="0">
  <testcase classname="com.ExcelR.SauceDemoProject1.TS_CartPage" name="cartCheckoutBtnValidation" time="0.484"/>
</testsuite> <!-- com.ExcelR.SauceDemoProject1.TS_CartPage -->
