<?xml version="1.0" encoding="UTF-8"?>
<!-- Generated by org.testng.reporters.JUnitReportReporter -->
<testsuite hostname="LAPTOP-F2M9NULS" failures="0" tests="1" name="com.ExcelR.SauceDemoProject1.TS_orderCompletePage" time="0.180" errors="0" timestamp="2024-02-08T00:35:14 GMT" skipped="0">
  <testcase classname="com.ExcelR.SauceDemoProject1.TS_orderCompletePage" name="backHomebtnValidation" time="0.180"/>
</testsuite> <!-- com.ExcelR.SauceDemoProject1.TS_orderCompletePage -->
